This is pdfTeX, Version 3.14159265-2.6-1.40.16 (MiKTeX 2.9) (preloaded format=pdflatex 2015.10.17)  18 OCT 2015 14:58
entering extended mode
**informe.tex
(informe.tex
LaTeX2e <2015/01/01> patch level 2
Babel <3.9m> and hyphenation patterns for 69 languages loaded.
("C:\Program Files (x86)\MiKTeX 2.9\tex\latex\base\article.cls"
Document Class: article 2014/09/29 v1.4h Standard LaTeX document class
("C:\Program Files (x86)\MiKTeX 2.9\tex\latex\base\size10.clo"
File: size10.clo 2014/09/29 v1.4h Standard LaTeX file (size option)
)
\c@part=\count79
\c@section=\count80
\c@subsection=\count81
\c@subsubsection=\count82
\c@paragraph=\count83
\c@subparagraph=\count84
\c@figure=\count85
\c@table=\count86
\abovecaptionskip=\skip41
\belowcaptionskip=\skip42
\bibindent=\dimen102
)
("C:\Program Files (x86)\MiKTeX 2.9\tex\latex\geometry\geometry.sty"
Package: geometry 2010/09/12 v5.6 Page Geometry

("C:\Program Files (x86)\MiKTeX 2.9\tex\latex\graphics\keyval.sty"
Package: keyval 2014/10/28 v1.15 key=value parser (DPC)
\KV@toks@=\toks14
)
("C:\Program Files (x86)\MiKTeX 2.9\tex\generic\oberdiek\ifpdf.sty"
Package: ifpdf 2011/01/30 v2.3 Provides the ifpdf switch (HO)
Package ifpdf Info: pdfTeX in PDF mode is detected.
)
("C:\Program Files (x86)\MiKTeX 2.9\tex\generic\oberdiek\ifvtex.sty"
Package: ifvtex 2010/03/01 v1.5 Detect VTeX and its facilities (HO)
Package ifvtex Info: VTeX not detected.
)
("C:\Program Files (x86)\MiKTeX 2.9\tex\generic\ifxetex\ifxetex.sty"
Package: ifxetex 2010/09/12 v0.6 Provides ifxetex conditional
)
\Gm@cnth=\count87
\Gm@cntv=\count88
\c@Gm@tempcnt=\count89
\Gm@bindingoffset=\dimen103
\Gm@wd@mp=\dimen104
\Gm@odd@mp=\dimen105
\Gm@even@mp=\dimen106
\Gm@layoutwidth=\dimen107
\Gm@layoutheight=\dimen108
\Gm@layouthoffset=\dimen109
\Gm@layoutvoffset=\dimen110
\Gm@dimlist=\toks15

("C:\Program Files (x86)\MiKTeX 2.9\tex\latex\geometry\geometry.cfg"))
("C:\Program Files (x86)\MiKTeX 2.9\tex\generic\babel\babel.sty"
Package: babel 2015/08/03 3.9m The Babel package

*************************************
* Local config file bblopts.cfg used
*
("C:\Program Files (x86)\MiKTeX 2.9\tex\latex\00miktex\bblopts.cfg"
File: bblopts.cfg 2006/07/31 v1.0 MiKTeX 'babel' configuration
)
("C:\Program Files (x86)\MiKTeX 2.9\tex\latex\babel-spanish\spanish.ldf"
Language: spanish.ldf 2014/04/24 v5.0n Spanish support from the babel system

("C:\Program Files (x86)\MiKTeX 2.9\tex\generic\babel\babel.def"
File: babel.def 2015/08/03 3.9m Babel common definitions
\babel@savecnt=\count90
\U@D=\dimen111
)
\es@quottoks=\toks16
\es@quotdepth=\count91
Package babel Info: Making " an active character on input line 516.
Package babel Info: Making . an active character on input line 617.
Package babel Info: Making < an active character on input line 662.
Package babel Info: Making > an active character on input line 662.
))
("C:\Program Files (x86)\MiKTeX 2.9\tex\latex\base\inputenc.sty"
Package: inputenc 2015/03/17 v1.2c Input encoding file
\inpenc@prehook=\toks17
\inpenc@posthook=\toks18

("C:\Program Files (x86)\MiKTeX 2.9\tex\latex\base\latin1.def"
File: latin1.def 2015/03/17 v1.2c Input encoding file
))
("C:\Program Files (x86)\MiKTeX 2.9\tex\latex\fancyhdr\fancyhdr.sty"
\fancy@headwidth=\skip43
\f@ncyO@elh=\skip44
\f@ncyO@erh=\skip45
\f@ncyO@olh=\skip46
\f@ncyO@orh=\skip47
\f@ncyO@elf=\skip48
\f@ncyO@erf=\skip49
\f@ncyO@olf=\skip50
\f@ncyO@orf=\skip51
)
(caratula.sty
Package: caratula 2005/08/09 v0.3 Para componer caratulas de TPs del DC

("C:\Program Files (x86)\MiKTeX 2.9\tex\latex\graphics\graphicx.sty"
Package: graphicx 2014/10/28 v1.0g Enhanced LaTeX Graphics (DPC,SPQR)

("C:\Program Files (x86)\MiKTeX 2.9\tex\latex\graphics\graphics.sty"
Package: graphics 2014/10/28 v1.0p Standard LaTeX Graphics (DPC,SPQR)

("C:\Program Files (x86)\MiKTeX 2.9\tex\latex\graphics\trig.sty"
Package: trig 1999/03/16 v1.09 sin cos tan (DPC)
)
("C:\Program Files (x86)\MiKTeX 2.9\tex\latex\00miktex\graphics.cfg"
File: graphics.cfg 2007/01/18 v1.5 graphics configuration of teTeX/TeXLive
)
Package graphics Info: Driver file: pdftex.def on input line 94.

("C:\Program Files (x86)\MiKTeX 2.9\tex\latex\pdftex-def\pdftex.def"
File: pdftex.def 2011/05/27 v0.06d Graphics/color for pdfTeX

("C:\Program Files (x86)\MiKTeX 2.9\tex\generic\oberdiek\infwarerr.sty"
Package: infwarerr 2010/04/08 v1.3 Providing info/warning/error messages (HO)
)
("C:\Program Files (x86)\MiKTeX 2.9\tex\generic\oberdiek\ltxcmds.sty"
Package: ltxcmds 2011/11/09 v1.22 LaTeX kernel commands for general use (HO)
)
\Gread@gobject=\count92
))
\Gin@req@height=\dimen112
\Gin@req@width=\dimen113
)
Cargando package 'caratula' v0.3 (2005/08/09)
\intlist=\toks19
) ("C:\Program Files (x86)\MiKTeX 2.9\tex\latex\aed2-symb\aed2-symb.sty"
Package: aed2-symb 2004/04/17 - Para componer simbolitos frecuentemente usados 
en AED2

Cargando package 'aed2-symb'
("C:\Program Files (x86)\MiKTeX 2.9\tex\latex\amsmath\amsmath.sty"
Package: amsmath 2013/01/14 v2.14 AMS math features
\@mathmargin=\skip52

For additional information on amsmath, use the `?' option.
("C:\Program Files (x86)\MiKTeX 2.9\tex\latex\amsmath\amstext.sty"
Package: amstext 2000/06/29 v2.01

("C:\Program Files (x86)\MiKTeX 2.9\tex\latex\amsmath\amsgen.sty"
File: amsgen.sty 1999/11/30 v2.0
\@emptytoks=\toks20
\ex@=\dimen114
))
("C:\Program Files (x86)\MiKTeX 2.9\tex\latex\amsmath\amsbsy.sty"
Package: amsbsy 1999/11/29 v1.2d
\pmbraise@=\dimen115
)
("C:\Program Files (x86)\MiKTeX 2.9\tex\latex\amsmath\amsopn.sty"
Package: amsopn 1999/12/14 v2.01 operator names
)
\inf@bad=\count93
LaTeX Info: Redefining \frac on input line 210.
\uproot@=\count94
\leftroot@=\count95
LaTeX Info: Redefining \overline on input line 306.
\classnum@=\count96
\DOTSCASE@=\count97
LaTeX Info: Redefining \ldots on input line 378.
LaTeX Info: Redefining \dots on input line 381.
LaTeX Info: Redefining \cdots on input line 466.
\Mathstrutbox@=\box26
\strutbox@=\box27
\big@size=\dimen116
LaTeX Font Info:    Redeclaring font encoding OML on input line 566.
LaTeX Font Info:    Redeclaring font encoding OMS on input line 567.
\macc@depth=\count98
\c@MaxMatrixCols=\count99
\dotsspace@=\muskip10
\c@parentequation=\count100
\dspbrk@lvl=\count101
\tag@help=\toks21
\row@=\count102
\column@=\count103
\maxfields@=\count104
\andhelp@=\toks22
\eqnshift@=\dimen117
\alignsep@=\dimen118
\tagshift@=\dimen119
\tagwidth@=\dimen120
\totwidth@=\dimen121
\lineht@=\dimen122
\@envbody=\toks23
\multlinegap=\skip53
\multlinetaggap=\skip54
\mathdisplay@stack=\toks24
LaTeX Info: Redefining \[ on input line 2665.
LaTeX Info: Redefining \] on input line 2666.
)
("C:\Program Files (x86)\MiKTeX 2.9\tex\latex\amsfonts\amssymb.sty"
Package: amssymb 2013/01/14 v3.01 AMS font symbols

("C:\Program Files (x86)\MiKTeX 2.9\tex\latex\amsfonts\amsfonts.sty"
Package: amsfonts 2013/01/14 v3.01 Basic AMSFonts support
\symAMSa=\mathgroup4
\symAMSb=\mathgroup5
LaTeX Font Info:    Overwriting math alphabet `\mathfrak' in version `bold'
(Font)                  U/euf/m/n --> U/euf/b/n on input line 106.
))
("C:\Program Files (x86)\MiKTeX 2.9\tex\latex\tools\xspace.sty"
Package: xspace 2014/10/28 v1.13 Space after command names (DPC,MH)
)
("C:\Program Files (x86)\MiKTeX 2.9\tex\latex\xargs\xargs.sty"
Package: xargs 2008/03/22 v1.1  extended macro definitions  (mpg)

("C:\Program Files (x86)\MiKTeX 2.9\tex\latex\xkeyval\xkeyval.sty"
Package: xkeyval 2014/12/03 v2.7a package option processing (HA)

("C:\Program Files (x86)\MiKTeX 2.9\tex\generic\xkeyval\xkeyval.tex"
("C:\Program Files (x86)\MiKTeX 2.9\tex\generic\xkeyval\xkvutils.tex"
\XKV@toks=\toks25
\XKV@tempa@toks=\toks26
)
\XKV@depth=\count105
File: xkeyval.tex 2014/12/03 v2.7a key=value parser (HA)
))
\xargs@max=\count106
\xargs@toksa=\toks27
\xargs@toksb=\toks28
))
("C:\Program Files (x86)\MiKTeX 2.9\tex\latex\aed2-itef\aed2-itef.sty"
Package: aed2-itef 2010/03/16 - if-then-else-fi en lenguaje de TADs.

("C:\Program Files (x86)\MiKTeX 2.9\tex\latex\base\ifthen.sty"
Package: ifthen 2014/09/29 v1.1c Standard LaTeX ifthen package (DPC)
)
Cargando package 'itef' (2010/03/16)
\itefIndentacion=\skip55
\itef@widthUnaLinea=\skip56
\itef@linewidth=\skip57
) ("C:\Program Files (x86)\MiKTeX 2.9\tex\latex\aed2-tad\aed2-tad.sty"
Package: aed2-tad 2011/04/04 - Para especificar TADs en formato AED2

("C:\Program Files (x86)\MiKTeX 2.9\tex\latex\tools\calc.sty"
Package: calc 2014/10/28 v4.3 Infix arithmetic (KKT,FJ)
\calc@Acount=\count107
\calc@Bcount=\count108
\calc@Adimen=\dimen123
\calc@Bdimen=\dimen124
\calc@Askip=\skip58
\calc@Bskip=\skip59
LaTeX Info: Redefining \setlength on input line 80.
LaTeX Info: Redefining \addtolength on input line 81.
\calc@Ccount=\count109
\calc@Cskip=\skip60
)
("C:\Program Files (x86)\MiKTeX 2.9\tex\latex\aed2-tokenizer\aed2-tokenizer.sty
"
Package: aed2-tokenizer 2010/03/12
)
Package aed2-tad Info: Cargando package 'tad' (04/04/2011) on input line 26.
\tadMargen=\skip61
\tadSubMargen=\skip62
\tadAnchoEncabezados=\skip63
\tadSeparacionTitulos=\skip64
\tadSeparacionFunciones=\skip65
\tadAnchoNombreFunciones=\skip66
\tadAnchoTipoFunciones=\skip67
\tadSeparacionAxiomas=\skip68
\tadAnchoIzquierdaAxioma=\skip69
\tad@oldparindent=\skip70
\pbox@len=\skip71
\tad@ifFitsElse@largo=\skip72
\igualobs@pre=\skip73
\igualobs@max=\skip74
\igualobssimple@max=\skip75
\@Signatura=\box28
\tadOperacion@textwidth=\skip76
\tadAxioma@lenEquiv=\skip77
\tadAxioma@lenDerecha=\skip78
) ("C:\Program Files (x86)\MiKTeX 2.9\tex\latex\algorithms\algorithm.sty"
Package: algorithm 2009/08/24 v0.1 Document Style `algorithm' - floating enviro
nment

("C:\Program Files (x86)\MiKTeX 2.9\tex\latex\float\float.sty"
Package: float 2001/11/08 v1.3d Float enhancements (AL)
\c@float@type=\count110
\float@exts=\toks29
\float@box=\box29
\@float@everytoks=\toks30
\@floatcapt=\box30
)
\@float@every@algorithm=\toks31
\c@algorithm=\count111
)
("C:\Program Files (x86)\MiKTeX 2.9\tex\latex\algorithmicx\algpseudocode.sty"
Package: algpseudocode 

("C:\Program Files (x86)\MiKTeX 2.9\tex\latex\algorithmicx\algorithmicx.sty"
Package: algorithmicx 2005/04/27 v1.2 Algorithmicx

Document Style algorithmicx 1.2 - a greatly improved `algorithmic' style
\c@ALG@line=\count112
\c@ALG@rem=\count113
\c@ALG@nested=\count114
\ALG@tlm=\skip79
\ALG@thistlm=\skip80
\c@ALG@Lnr=\count115
\c@ALG@blocknr=\count116
\c@ALG@storecount=\count117
\c@ALG@tmpcounter=\count118
\ALG@tmplength=\skip81
)
Document Style - pseudocode environments for use with the `algorithmicx' style
) ("C:\Program Files (x86)\MiKTeX 2.9\tex\latex\setspace\setspace.sty"
Package: setspace 2011/12/19 v6.7a set line spacing
)
("C:\Program Files (x86)\MiKTeX 2.9\tex\latex\graphics\color.sty"
Package: color 2014/10/28 v1.1a Standard LaTeX Color (DPC)

("C:\Program Files (x86)\MiKTeX 2.9\tex\latex\00miktex\color.cfg"
File: color.cfg 2007/01/18 v1.5 color configuration of teTeX/TeXLive
)
Package color Info: Driver file: pdftex.def on input line 142.
) (dis.sty
Package: dis 2011/05/18 v0.035 Para diseniar TADs en formato AED2

Cargando package 'dis' v0.035 (18/05/2011)
\disSubSecMargen=\skip82
\disSubSubSecMargen=\skip83
\disOrdenFuncMargen=\skip84
\disParrafo=\skip85
\disSecInterfaceMargen=\skip86
\disSubSecInterfaceMargen=\skip87
\disSubSecEstrDRepMargen=\skip88
\disSubSubSecEstrDRepMargen=\skip89
\disTuplaEstrMargen=\skip90
\tabRep=\skip91
\disSeparacionOperacion=\skip92
\disDescripcionOperacionMargen=\skip93
) (informe.aux (caratula.aux)
LaTeX Info: Redefining \. on input line 7.
LaTeX Info: Redefining \% on input line 7.
 (ModuloCampus.aux) (ModuloRastrillaje.aux)
(ModuloDiccString.aux) (ModuloDiccProm.aux))
LaTeX Font Info:    Checking defaults for OML/cmm/m/it on input line 14.
LaTeX Font Info:    ... okay on input line 14.
LaTeX Font Info:    Checking defaults for T1/cmr/m/n on input line 14.
LaTeX Font Info:    ... okay on input line 14.
LaTeX Font Info:    Checking defaults for OT1/cmr/m/n on input line 14.
LaTeX Font Info:    ... okay on input line 14.
LaTeX Font Info:    Checking defaults for OMS/cmsy/m/n on input line 14.
LaTeX Font Info:    ... okay on input line 14.
LaTeX Font Info:    Checking defaults for OMX/cmex/m/n on input line 14.
LaTeX Font Info:    ... okay on input line 14.
LaTeX Font Info:    Checking defaults for U/cmr/m/n on input line 14.
LaTeX Font Info:    ... okay on input line 14.

*geometry* driver: auto-detecting
*geometry* detected driver: pdftex
*geometry* verbose mode - [ preamble ] result:
* driver: pdftex
* paper: a4paper
* layout: <same size as paper>
* layoutoffset:(h,v)=(0.0pt,0.0pt)
* modes: 
* h-part:(L,W,R)=(34.14322pt, 529.22144pt, 34.14322pt)
* v-part:(T,H,B)=(56.9055pt, 731.23584pt, 56.9055pt)
* \paperwidth=597.50787pt
* \paperheight=845.04684pt
* \textwidth=529.22144pt
* \textheight=731.23584pt
* \oddsidemargin=-38.12677pt
* \evensidemargin=-38.12677pt
* \topmargin=-52.36449pt
* \headheight=12.0pt
* \headsep=25.0pt
* \topskip=10.0pt
* \footskip=30.0pt
* \marginparwidth=57.0pt
* \marginparsep=11.0pt
* \columnsep=10.0pt
* \skip\footins=9.0pt plus 4.0pt minus 2.0pt
* \hoffset=0.0pt
* \voffset=0.0pt
* \mag=1000
* \@twocolumnfalse
* \@twosidefalse
* \@mparswitchfalse
* \@reversemarginfalse
* (1in=72.27pt=25.4mm, 1cm=28.453pt)

LaTeX Info: Redefining \. on input line 14.
LaTeX Info: Redefining \% on input line 14.
("C:\Program Files (x86)\MiKTeX 2.9\tex\context\base\supp-pdf.mkii"
[Loading MPS to PDF converter (version 2006.09.02).]
\scratchcounter=\count119
\scratchdimen=\dimen125
\scratchbox=\box31
\nofMPsegments=\count120
\nofMParguments=\count121
\everyMPshowfont=\toks32
\MPscratchCnt=\count122
\MPscratchDim=\dimen126
\MPnumerator=\count123
\makeMPintoPDFobject=\count124
\everyMPtoPDFconversion=\toks33
) (caratula.tex <logo_dc.jpg, id=1, 215.6055pt x 83.5923pt>
File: logo_dc.jpg Graphic file (type jpg)
 <use logo_dc.jpg>
Package pdftex.def Info: logo_dc.jpg used on input line 13.
(pdftex.def)             Requested size: 215.60497pt x 83.59207pt.

Underfull \hbox (badness 10000) in paragraph at lines 13--13

 []

LaTeX Font Info:    Try loading font information for U+msa on input line 13.
("C:\Program Files (x86)\MiKTeX 2.9\tex\latex\amsfonts\umsa.fd"
File: umsa.fd 2013/01/14 v3.01 AMS symbols A
)
LaTeX Font Info:    Try loading font information for U+msb on input line 13.

("C:\Program Files (x86)\MiKTeX 2.9\tex\latex\amsfonts\umsb.fd"
File: umsb.fd 2013/01/14 v3.01 AMS symbols B
)
<logo_uba.jpg, id=2, 225.4824pt x 231.7458pt>
File: logo_uba.jpg Graphic file (type jpg)
 <use logo_uba.jpg>
Package pdftex.def Info: logo_uba.jpg used on input line 13.
(pdftex.def)             Requested size: 225.48184pt x 231.74522pt.

Underfull \hbox (badness 10000) in paragraph at lines 13--13

 []


Overfull \hbox (26.46268pt too wide) in paragraph at lines 13--13
[][][] 
 []

[1


{C:/Users/Nestor/AppData/Local/MiKTeX/2.9/pdftex/config/pdftex.map} <./logo_dc.
jpg> <./logo_uba.jpg>])
LaTeX Font Info:    Try loading font information for OMS+cmr on input line 36.

("C:\Program Files (x86)\MiKTeX 2.9\tex\latex\base\omscmr.fd"
File: omscmr.fd 2014/09/29 v2.5h Standard LaTeX font definitions
)
LaTeX Font Info:    Font shape `OMS/cmr/m/n' in size <10> not available
(Font)              Font shape `OMS/cmsy/m/n' tried instead on input line 36.


LaTeX Warning: Reference `LastPage' on page 2 undefined on input line 46.

[2

] (ModuloCampus.tex
LaTeX Font Info:    Font shape `OT1/cmtt/bx/n' in size <10> not available
(Font)              Font shape `OT1/cmtt/m/n' tried instead on input line 16.

! Missing $ inserted.
<inserted text> 
                $
l.20 ...}{Crea un campus de c columnas y f filas.}
                                                  
I've inserted a begin-math/end-math symbol since I think
you left one out. Proceed, with fingers crossed.

! Missing $ inserted.
<inserted text> 
                $
l.20 ...}{Crea un campus de c columnas y f filas.}
                                                  
I've inserted a begin-math/end-math symbol since I think
you left one out. Proceed, with fingers crossed.

! Missing $ inserted.
<inserted text> 
                $
l.29 ...rue$ sii p esta ocupada por un obstaculo.}
                                                  
I've inserted a begin-math/end-math symbol since I think
you left one out. Proceed, with fingers crossed.

! Undefined control sequence.
<recently read> \Â
                  
l.29 ...rue$ sii p esta ocupada por un obstaculo.}
                                                  
The control sequence at the end of the top line
of your error message was never \def'ed. If you have
misspelled it (e.g., `\hobx'), type `I' and the correct
spelling (e.g., `I\hbox'). Otherwise just continue,
and I'll forget about whatever was undefined.

! Missing $ inserted.
<inserted text> 
                $
l.29 ...rue$ sii p esta ocupada por un obstaculo.}
                                                  
I've inserted a begin-math/end-math symbol since I think
you left one out. Proceed, with fingers crossed.

! Missing $ inserted.
<inserted text> 
                $
l.29 ...rue$ sii p esta ocupada por un obstaculo.}
                                                  
I've inserted a begin-math/end-math symbol since I think
you left one out. Proceed, with fingers crossed.

! Missing $ inserted.
<inserted text> 
                $
l.29 ...rue$ sii p esta ocupada por un obstaculo.}
                                                  
I've inserted a begin-math/end-math symbol since I think
you left one out. Proceed, with fingers crossed.


LaTeX Warning: Reference `LastPage' on page 3 undefined on input line 34.

[3

]
! Missing $ inserted.
<inserted text> 
                $
l.38 ...cinos son a lo sumo 4, o sea, constantes.}
                                                  
I've inserted a begin-math/end-math symbol since I think
you left one out. Proceed, with fingers crossed.

! Missing $ inserted.
<inserted text> 
                $
l.38 ...cinos son a lo sumo 4, o sea, constantes.}
                                                  
I've inserted a begin-math/end-math symbol since I think
you left one out. Proceed, with fingers crossed.

! Missing $ inserted.
<inserted text> 
                $
l.38 ...cinos son a lo sumo 4, o sea, constantes.}
                                                  
I've inserted a begin-math/end-math symbol since I think
you left one out. Proceed, with fingers crossed.

! Missing $ inserted.
<inserted text> 
                $
l.38 ...cinos son a lo sumo 4, o sea, constantes.}
                                                  
I've inserted a begin-math/end-math symbol since I think
you left one out. Proceed, with fingers crossed.


! LaTeX Error: \mathcal allowed only in math mode.

See the LaTeX manual or LaTeX Companion for explanation.
Type  H <return>  for immediate help.
 ...                                              
                                                  
l.38 ...cinos son a lo sumo 4, o sea, constantes.}
                                                  
You're in trouble here.  Try typing  <return>  to proceed.
If that doesn't work, type  X <return>  to quit.


LaTeX Warning: Reference `LastPage' on page 4 undefined on input line 80.

[4]

LaTeX Warning: Reference `LastPage' on page 5 undefined on input line 80.

[5]

LaTeX Warning: Reference `LastPage' on page 6 undefined on input line 177.

[6]

LaTeX Warning: Reference `LastPage' on page 7 undefined on input line 242.

[7])

LaTeX Warning: Reference `LastPage' on page 8 undefined on input line 46.

[8] (ModuloRastrillaje.tex
! Missing $ inserted.
<inserted text> 
                $
l.28 ...studiante/hippie pasado como par\'ametro.}
                                                  
I've inserted a begin-math/end-math symbol since I think
you left one out. Proceed, with fingers crossed.

! Missing $ inserted.
<inserted text> 
                $
l.28 ...studiante/hippie pasado como par\'ametro.}
                                                  
I've inserted a begin-math/end-math symbol since I think
you left one out. Proceed, with fingers crossed.

! Missing $ inserted.
<inserted text> 
                $
l.28 ...studiante/hippie pasado como par\'ametro.}
                                                  
I've inserted a begin-math/end-math symbol since I think
you left one out. Proceed, with fingers crossed.

! Missing $ inserted.
<inserted text> 
                $
l.28 ...studiante/hippie pasado como par\'ametro.}
                                                  
I've inserted a begin-math/end-math symbol since I think
you left one out. Proceed, with fingers crossed.


! LaTeX Error: There's no line here to end.

See the LaTeX manual or LaTeX Companion for explanation.
Type  H <return>  for immediate help.
 ...                                              
                                                  
l.30 \disDeclaraFuncion
                       {PosAgente}{\paramIn{r}{rastr}, \paramIn{a}{agente}}{...

Your command was ignored.
Type  I <command> <return>  to replace it with another command,
or  <return>  to continue without it.

! Missing $ inserted.
<inserted text> 
                $
l.30 ...La complejidad se da en el caso promedio.}
                                                  
I've inserted a begin-math/end-math symbol since I think
you left one out. Proceed, with fingers crossed.

! Missing $ inserted.
<inserted text> 
                $
l.30 ...La complejidad se da en el caso promedio.}
                                                  
I've inserted a begin-math/end-math symbol since I think
you left one out. Proceed, with fingers crossed.


LaTeX Warning: Reference `LastPage' on page 9 undefined on input line 32.

[9


]
! Missing $ inserted.
<inserted text> 
                $
l.32 ...La complejidad se da en el caso promedio.}
                                                  
I've inserted a begin-math/end-math symbol since I think
you left one out. Proceed, with fingers crossed.

! Missing $ inserted.
<inserted text> 
                $
l.32 ...La complejidad se da en el caso promedio.}
                                                  
I've inserted a begin-math/end-math symbol since I think
you left one out. Proceed, with fingers crossed.

! Missing $ inserted.
<inserted text> 
                $
l.34 ...La complejidad se da en el caso promedio.}
                                                  
I've inserted a begin-math/end-math symbol since I think
you left one out. Proceed, with fingers crossed.

! Missing $ inserted.
<inserted text> 
                $
l.34 ...La complejidad se da en el caso promedio.}
                                                  
I've inserted a begin-math/end-math symbol since I think
you left one out. Proceed, with fingers crossed.

! Missing $ inserted.
<inserted text> 
                $
l.36 ...llaje(c,d)}{\Ode{1}}{Crea un Rastrillaje.}
                                                  
I've inserted a begin-math/end-math symbol since I think
you left one out. Proceed, with fingers crossed.

! Undefined control sequence.
<recently read> \Â
                  
l.36 ...llaje(c,d)}{\Ode{1}}{Crea un Rastrillaje.}
                                                  
The control sequence at the end of the top line
of your error message was never \def'ed. If you have
misspelled it (e.g., `\hobx'), type `I' and the correct
spelling (e.g., `I\hbox'). Otherwise just continue,
and I'll forget about whatever was undefined.

! Missing $ inserted.
<inserted text> 
                $
l.36 ...llaje(c,d)}{\Ode{1}}{Crea un Rastrillaje.}
                                                  
I've inserted a begin-math/end-math symbol since I think
you left one out. Proceed, with fingers crossed.

! Missing $ inserted.
<inserted text> 
                $
l.38 ...laje, ingresando un estudiante al campus.}
                                                  
I've inserted a begin-math/end-math symbol since I think
you left one out. Proceed, with fingers crossed.

! Undefined control sequence.
<recently read> \Â
                  
l.38 ...laje, ingresando un estudiante al campus.}
                                                  
The control sequence at the end of the top line
of your error message was never \def'ed. If you have
misspelled it (e.g., `\hobx'), type `I' and the correct
spelling (e.g., `I\hbox'). Otherwise just continue,
and I'll forget about whatever was undefined.

! Missing $ inserted.
<inserted text> 
                $
l.38 ...laje, ingresando un estudiante al campus.}
                                                  
I've inserted a begin-math/end-math symbol since I think
you left one out. Proceed, with fingers crossed.

! Missing $ inserted.
<inserted text> 
                $
l.38 ...laje, ingresando un estudiante al campus.}
                                                  
I've inserted a begin-math/end-math symbol since I think
you left one out. Proceed, with fingers crossed.

! Missing $ inserted.
<inserted text> 
                $
l.38 ...laje, ingresando un estudiante al campus.}
                                                  
I've inserted a begin-math/end-math symbol since I think
you left one out. Proceed, with fingers crossed.

! Missing $ inserted.
<inserted text> 
                $
l.38 ...laje, ingresando un estudiante al campus.}
                                                  
I've inserted a begin-math/end-math symbol since I think
you left one out. Proceed, with fingers crossed.

! Missing $ inserted.
<inserted text> 
                $
l.38 ...laje, ingresando un estudiante al campus.}
                                                  
I've inserted a begin-math/end-math symbol since I think
you left one out. Proceed, with fingers crossed.

! Missing $ inserted.
<inserted text> 
                $
l.40 ...trillaje, ingresando un hippie al campus.}
                                                  
I've inserted a begin-math/end-math symbol since I think
you left one out. Proceed, with fingers crossed.

! Undefined control sequence.
<recently read> \Â
                  
l.40 ...trillaje, ingresando un hippie al campus.}
                                                  
The control sequence at the end of the top line
of your error message was never \def'ed. If you have
misspelled it (e.g., `\hobx'), type `I' and the correct
spelling (e.g., `I\hbox'). Otherwise just continue,
and I'll forget about whatever was undefined.

! Missing $ inserted.
<inserted text> 
                $
l.40 ...trillaje, ingresando un hippie al campus.}
                                                  
I've inserted a begin-math/end-math symbol since I think
you left one out. Proceed, with fingers crossed.

! Missing $ inserted.
<inserted text> 
                $
l.40 ...trillaje, ingresando un hippie al campus.}
                                                  
I've inserted a begin-math/end-math symbol since I think
you left one out. Proceed, with fingers crossed.

! Missing $ inserted.
<inserted text> 
                $
l.40 ...trillaje, ingresando un hippie al campus.}
                                                  
I've inserted a begin-math/end-math symbol since I think
you left one out. Proceed, with fingers crossed.

! Missing $ inserted.
<inserted text> 
                $
l.40 ...trillaje, ingresando un hippie al campus.}
                                                  
I've inserted a begin-math/end-math symbol since I think
you left one out. Proceed, with fingers crossed.

! Missing $ inserted.
<inserted text> 
                $
l.40 ...trillaje, ingresando un hippie al campus.}
                                                  
I've inserted a begin-math/end-math symbol since I think
you left one out. Proceed, with fingers crossed.

! Missing $ inserted.
<inserted text> 
                $
l.42 ...llaje, al mover un estudiante del campus.}
                                                  
I've inserted a begin-math/end-math symbol since I think
you left one out. Proceed, with fingers crossed.

! Undefined control sequence.
<recently read> \Â
                  
l.42 ...llaje, al mover un estudiante del campus.}
                                                  
The control sequence at the end of the top line
of your error message was never \def'ed. If you have
misspelled it (e.g., `\hobx'), type `I' and the correct
spelling (e.g., `I\hbox'). Otherwise just continue,
and I'll forget about whatever was undefined.

! Missing $ inserted.
<inserted text> 
                $
l.42 ...llaje, al mover un estudiante del campus.}
                                                  
I've inserted a begin-math/end-math symbol since I think
you left one out. Proceed, with fingers crossed.


Underfull \hbox (badness 10000) in paragraph at lines 42--42
[]\OT1/cmss/bx/n/10 Pre $\OMS/cmsy/m/n/10 $  f $\OML/cmm/m/it/10 r \OT1/cmr/m/
n/10 =$r$[]$ $\OMS/cmsy/m/n/10 ^$ \OT1/cmr/m/n/10 e $\OMS/cmsy/m/n/10 2$ \OT1/c
mr/m/n/10 es-tu-dian-tes(r) $\OMS/cmsy/m/n/10 ^$ \OT1/cmr/m/n/10 (se-Re-ti-ra(e
,dir,r) $\OMS/cmsy/m/n/10 _$ \OT1/cmr/m/n/10 (pos-
 []


Underfull \hbox (badness 10000) in paragraph at lines 42--42
\OT1/cmr/m/n/10 Va-li-da?(proxPosicion(posEstudianteYHippie(e,r),dir,campus(r))
,campus(r)) $\OMS/cmsy/m/n/10 ^$ $:$
 []

! Missing $ inserted.
<inserted text> 
                $
l.42 ...llaje, al mover un estudiante del campus.}
                                                  
I've inserted a begin-math/end-math symbol since I think
you left one out. Proceed, with fingers crossed.

! Missing $ inserted.
<inserted text> 
                $
l.42 ...llaje, al mover un estudiante del campus.}
                                                  
I've inserted a begin-math/end-math symbol since I think
you left one out. Proceed, with fingers crossed.

! Missing $ inserted.
<inserted text> 
                $
l.42 ...llaje, al mover un estudiante del campus.}
                                                  
I've inserted a begin-math/end-math symbol since I think
you left one out. Proceed, with fingers crossed.

! Missing $ inserted.
<inserted text> 
                $
l.42 ...llaje, al mover un estudiante del campus.}
                                                  
I've inserted a begin-math/end-math symbol since I think
you left one out. Proceed, with fingers crossed.

! Missing $ inserted.
<inserted text> 
                $
l.44 ...strillaje, al mover un hippie del campus.}
                                                  
I've inserted a begin-math/end-math symbol since I think
you left one out. Proceed, with fingers crossed.

! Undefined control sequence.
<recently read> \Â
                  
l.44 ...strillaje, al mover un hippie del campus.}
                                                  
The control sequence at the end of the top line
of your error message was never \def'ed. If you have
misspelled it (e.g., `\hobx'), type `I' and the correct
spelling (e.g., `I\hbox'). Otherwise just continue,
and I'll forget about whatever was undefined.

! Missing $ inserted.
<inserted text> 
                $
l.44 ...strillaje, al mover un hippie del campus.}
                                                  
I've inserted a begin-math/end-math symbol since I think
you left one out. Proceed, with fingers crossed.

! Missing $ inserted.
<inserted text> 
                $
l.44 ...strillaje, al mover un hippie del campus.}
                                                  
I've inserted a begin-math/end-math symbol since I think
you left one out. Proceed, with fingers crossed.

! Missing $ inserted.
<inserted text> 
                $
l.44 ...strillaje, al mover un hippie del campus.}
                                                  
I've inserted a begin-math/end-math symbol since I think
you left one out. Proceed, with fingers crossed.

! Missing $ inserted.
<inserted text> 
                $
l.44 ...strillaje, al mover un hippie del campus.}
                                                  
I've inserted a begin-math/end-math symbol since I think
you left one out. Proceed, with fingers crossed.


! LaTeX Error: \mathcal allowed only in math mode.

See the LaTeX manual or LaTeX Companion for explanation.
Type  H <return>  for immediate help.
 ...                                              
                                                  
l.44 ...strillaje, al mover un hippie del campus.}
                                                  
You're in trouble here.  Try typing  <return>  to proceed.
If that doesn't work, type  X <return>  to quit.

! Missing $ inserted.
<inserted text> 
                $
l.44 ...strillaje, al mover un hippie del campus.}
                                                  
I've inserted a begin-math/end-math symbol since I think
you left one out. Proceed, with fingers crossed.


LaTeX Warning: Reference `LastPage' on page 10 undefined on input line 46.

[10]
! Missing $ inserted.
<inserted text> 
                $
l.46 ...strillaje, al mover un agente del campus.}
                                                  
I've inserted a begin-math/end-math symbol since I think
you left one out. Proceed, with fingers crossed.

! Undefined control sequence.
<recently read> \Â
                  
l.46 ...strillaje, al mover un agente del campus.}
                                                  
The control sequence at the end of the top line
of your error message was never \def'ed. If you have
misspelled it (e.g., `\hobx'), type `I' and the correct
spelling (e.g., `I\hbox'). Otherwise just continue,
and I'll forget about whatever was undefined.

! Missing $ inserted.
<inserted text> 
                $
l.46 ...strillaje, al mover un agente del campus.}
                                                  
I've inserted a begin-math/end-math symbol since I think
you left one out. Proceed, with fingers crossed.


Underfull \hbox (badness 10000) in paragraph at lines 46--46
[]\OT1/cmss/bx/n/10 Pre $\OMS/cmsy/m/n/10 $  f $\OML/cmm/m/it/10 r \OT1/cmr/m/
n/10 =$r$[]$ $\OMS/cmsy/m/n/10 ^$ \OT1/cmr/m/n/10 a $\OMS/cmsy/m/n/10 2$ \OT1/c
mr/m/n/10 agen-tes(r) $\OMS/cmsy/m/n/10 ^[]$ \OT1/cmr/m/n/10 can-tSan-cio-nes(a
,r) $\OMS/cmsy/m/n/10 $ \OT1/cmr/m/n/10 3 $\OMS/cmsy/m/n/10 ^$
 []

! Missing $ inserted.
<inserted text> 
                $
l.46 ...strillaje, al mover un agente del campus.}
                                                  
I've inserted a begin-math/end-math symbol since I think
you left one out. Proceed, with fingers crossed.

! Missing $ inserted.
<inserted text> 
                $
l.46 ...strillaje, al mover un agente del campus.}
                                                  
I've inserted a begin-math/end-math symbol since I think
you left one out. Proceed, with fingers crossed.

! Missing $ inserted.
<inserted text> 
                $
l.46 ...strillaje, al mover un agente del campus.}
                                                  
I've inserted a begin-math/end-math symbol since I think
you left one out. Proceed, with fingers crossed.


! LaTeX Error: \mathcal allowed only in math mode.

See the LaTeX manual or LaTeX Companion for explanation.
Type  H <return>  for immediate help.
 ...                                              
                                                  
l.46 ...strillaje, al mover un agente del campus.}
                                                  
You're in trouble here.  Try typing  <return>  to proceed.
If that doesn't work, type  X <return>  to quit.


! LaTeX Error: \mathcal allowed only in math mode.

See the LaTeX manual or LaTeX Companion for explanation.
Type  H <return>  for immediate help.
 ...                                              
                                                  
l.46 ...strillaje, al mover un agente del campus.}
                                                  
You're in trouble here.  Try typing  <return>  to proceed.
If that doesn't work, type  X <return>  to quit.

! Missing $ inserted.
<inserted text> 
                $
l.46 ...strillaje, al mover un agente del campus.}
                                                  
I've inserted a begin-math/end-math symbol since I think
you left one out. Proceed, with fingers crossed.


! LaTeX Error: \mathcal allowed only in math mode.

See the LaTeX manual or LaTeX Companion for explanation.
Type  H <return>  for immediate help.
 ...                                              
                                                  
l.50 ...mientras no haya sanciones, \Ode{log Na}.}
                                                  
You're in trouble here.  Try typing  <return>  to proceed.
If that doesn't work, type  X <return>  to quit.


! LaTeX Error: \mathcal allowed only in math mode.

See the LaTeX manual or LaTeX Companion for explanation.
Type  H <return>  for immediate help.
 ...                                              
                                                  
l.50 ...mientras no haya sanciones, \Ode{log Na}.}
                                                  
You're in trouble here.  Try typing  <return>  to proceed.
If that doesn't work, type  X <return>  to quit.

! Missing $ inserted.
<inserted text> 
                $
l.52 ...con la misma cantidad de sanciones que a.}
                                                  
I've inserted a begin-math/end-math symbol since I think
you left one out. Proceed, with fingers crossed.

! Missing $ inserted.
<inserted text> 
                $
l.52 ...con la misma cantidad de sanciones que a.}
                                                  
I've inserted a begin-math/end-math symbol since I think
you left one out. Proceed, with fingers crossed.


LaTeX Warning: Reference `LastPage' on page 11 undefined on input line 65.

[11]

LaTeX Warning: Reference `LastPage' on page 12 undefined on input line 76.

[12]
Overfull \hbox (14.43208pt too wide) in paragraph at lines 88--89
[]\OT1/cmr/m/n/10 Todas las po-si-cio-nes de los agen-tes son los sig-ni-fi-ca-
dos del dic-cio-na-rio .[]gentes[] tam-bien se ven en "posAgentesLog[]
 []

! Argument of \IF has an extra }.
<inserted text> 
                \par 
l.98 ...wedge$ ag $\in$ e.buscoEnLog[i].grupoK)) }
                                                  
I've run across a `}' that doesn't seem to match anything.
For example, `\def\a#1{...}' and `\a}' would produce
this error. If you simply proceed now, the `\par' that
I've just inserted will cause me to report a runaway
argument that might be the root of the problem. But if
your `}' was spurious, just type `2' and it will go away.

Runaway argument?
 $\Pi _{4}$(e.quienOcupa[i][j])=itvacio ~\LFI 
! Paragraph ended before \IF was complete.
<to be read again> 
                   \par 
l.98 ...wedge$ ag $\in$ e.buscoEnLog[i].grupoK)) }
                                                  
I suspect you've forgotten a `}', causing me to apply this
control sequence to too much text. How can we recover?
My plan is to forget the whole thing and hope for the best.


LaTeX Warning: Reference `LastPage' on page 13 undefined on input line 99.

[13]

LaTeX Warning: Reference `LastPage' on page 14 undefined on input line 108.

[14]

LaTeX Warning: Reference `LastPage' on page 15 undefined on input line 219.

[15]

LaTeX Warning: Reference `LastPage' on page 16 undefined on input line 292.

[16]
Overfull \vbox (91.86412pt too high) has occurred while \output is active []



LaTeX Warning: Reference `LastPage' on page 17 undefined on input line 292.

[17]
! Argument of \paramIn has an extra }.
<inserted text> 
                \par 
l.295 ...\paramIn{p}{posicion} \paramIn{h:nombre}}
                                                  {} \Comment{$\Ode{\vert Nm...
I've run across a `}' that doesn't seem to match anything.
For example, `\def\a#1{...}' and `\a}' would produce
this error. If you simply proceed now, the `\par' that
I've just inserted will cause me to report a runaway
argument that might be the root of the problem. But if
your `}' was spurious, just type `2' and it will go away.

Runaway argument?
! Paragraph ended before \paramIn was complete.
<to be read again> 
                   \par 
l.295 ...\paramIn{p}{posicion} \paramIn{h:nombre}}
                                                  {} \Comment{$\Ode{\vert Nm...
I suspect you've forgotten a `}', causing me to apply this
control sequence to too much text. How can we recover?
My plan is to forget the whole thing and hope for the best.

! Undefined control sequence.
l.349 ...te definir(e.posCiviles, s, prx) \COmment
                                                  {$\Ode{\vert Nm \vert}$}
The control sequence at the end of the top line
of your error message was never \def'ed. If you have
misspelled it (e.g., `\hobx'), type `I' and the correct
spelling (e.g., `I\hbox'). Otherwise just continue,
and I'll forget about whatever was undefined.

! Missing number, treated as zero.
<to be read again> 
                   \ALG@b@2@EndFunction@0 
l.406 \EndFunction
                  
A number should have been here; I inserted `0'.
(If you can't figure out why I needed to see a number,
look up `weird error' in the index to The TeXbook.)


! Package algorithmicx Error: Some blocks are not closed!!!.

See the algorithmicx package documentation for explanation.
Type  H <return>  for immediate help.
 ...                                              
                                                  
l.407 \end{algorithmic}
                       
This error message was generated by an \errmessage
command, so I can't give any explicit help.
Pretend that you're Hercule Poirot: Examine all clues,
and deduce the truth by order and method.


LaTeX Warning: Reference `LastPage' on page 18 undefined on input line 409.

[18]
Overfull \vbox (163.86412pt too high) has occurred while \output is active []



LaTeX Warning: Reference `LastPage' on page 19 undefined on input line 409.

[19]
! Missing \endcsname inserted.
<to be read again> 
                   \ALG@currentblock@0 
l.412 \Function
                {\textsc{$i$moverAgente}}{\paramInOut{e}{estr} \paramIn{a}{a...
The control sequence marked <to be read again> should
not appear between \csname and \endcsname.

! Extra \endcsname.
\ALG@makebeginrepeat ...\ALG@thisblock \endcsname 
                                                  \relax \def \ALG@thisblock...
l.412 \Function
                {\textsc{$i$moverAgente}}{\paramInOut{e}{estr} \paramIn{a}{a...
I'm ignoring this, since I wasn't doing a \csname.

! Missing number, treated as zero.
<to be read again> 
                   \ALG@currentblock@0 
l.445 \end{algorithmic}
                       
A number should have been here; I inserted `0'.
(If you can't figure out why I needed to see a number,
look up `weird error' in the index to The TeXbook.)

! Missing = inserted for \ifnum.
<to be read again> 
                   \ALG@currentblock@0 
l.445 \end{algorithmic}
                       
I was expecting to see `<', `=', or `>'. Didn't.

! Missing number, treated as zero.
<to be read again> 
                   \ALG@currentblock@0 
l.445 \end{algorithmic}
                       
A number should have been here; I inserted `0'.
(If you can't figure out why I needed to see a number,
look up `weird error' in the index to The TeXbook.)


LaTeX Warning: Reference `LastPage' on page 20 undefined on input line 490.

[20]
Underfull \hbox (badness 10000) in paragraph at lines 520--521
[] \OT1/cmr/m/n/10 var da-tos-HoE dat $\OMS/cmsy/m/n/10  $ $\OML/cmm/m/it/10 <$
\OT1/cmr/m/n/10 Siguiente(e.quienOcupa$[]$ $[]$.hayHoE).ID, Siguiente(e.quienOc
upa$[]$
 []


LaTeX Warning: Reference `LastPage' on page 21 undefined on input line 527.

[21]
Underfull \hbox (badness 10000) in paragraph at lines 531--532
[] \OT1/cmr/m/n/10 var da-tos-HoE dat $\OMS/cmsy/m/n/10  $ $\OML/cmm/m/it/10 <$
\OT1/cmr/m/n/10 Siguiente(e.quienOcupa$[]$ $[]$.hayHoE).ID, Siguiente(e.quienOc
upa$[]$
 []

! Undefined control sequence.
l.550    		\EndIF
                 
The control sequence at the end of the top line
of your error message was never \def'ed. If you have
misspelled it (e.g., `\hobx'), type `I' and the correct
spelling (e.g., `I\hbox'). Otherwise just continue,
and I'll forget about whatever was undefined.

! Missing number, treated as zero.
<to be read again> 
                   \ALG@b@2@EndWhile@0 
l.552    	\EndWhile
                   
A number should have been here; I inserted `0'.
(If you can't figure out why I needed to see a number,
look up `weird error' in the index to The TeXbook.)

! Missing number, treated as zero.
<to be read again> 
                   \ALG@b@2@EndFunction@0 
l.554 \EndFunction
                  
A number should have been here; I inserted `0'.
(If you can't figure out why I needed to see a number,
look up `weird error' in the index to The TeXbook.)


! Package algorithmicx Error: Some blocks are not closed!!!.

See the algorithmicx package documentation for explanation.
Type  H <return>  for immediate help.
 ...                                              
                                                  
l.555 \end{algorithmic}
                       
(That was another \errmessage.)

! Missing \endcsname inserted.
<to be read again> 
                   \ALG@currentblock@0 
l.560 \Function
                {\textsc{$i$esHippizable}}{\paramInOut{e}{estr} \paramIn{p}{...
The control sequence marked <to be read again> should
not appear between \csname and \endcsname.

! Extra \endcsname.
\ALG@makebeginrepeat ...\ALG@thisblock \endcsname 
                                                  \relax \def \ALG@thisblock...
l.560 \Function
                {\textsc{$i$esHippizable}}{\paramInOut{e}{estr} \paramIn{p}{...
I'm ignoring this, since I wasn't doing a \csname.

! Missing number, treated as zero.
<to be read again> 
                   \ALG@currentblock@0 
l.570 \end{algorithmic}
                       
A number should have been here; I inserted `0'.
(If you can't figure out why I needed to see a number,
look up `weird error' in the index to The TeXbook.)

! Missing = inserted for \ifnum.
<to be read again> 
                   \ALG@currentblock@0 
l.570 \end{algorithmic}
                       
I was expecting to see `<', `=', or `>'. Didn't.

! Missing number, treated as zero.
<to be read again> 
                   \ALG@currentblock@0 
l.570 \end{algorithmic}
                       
A number should have been here; I inserted `0'.
(If you can't figure out why I needed to see a number,
look up `weird error' in the index to The TeXbook.)


LaTeX Warning: Reference `LastPage' on page 22 undefined on input line 590.

[22]
! Undefined control sequence.
<recently read> \disFlechas 
                            
l.594 ...\paramIn{p}{conj(posicion)}}{$\disFlechas
                                                  $ res:bool} \Comment{$\Ode...
The control sequence at the end of the top line
of your error message was never \def'ed. If you have
misspelled it (e.g., `\hobx'), type `I' and the correct
spelling (e.g., `I\hbox'). Otherwise just continue,
and I'll forget about whatever was undefined.

! Undefined control sequence.
<argument> \longitud 
                     {N_{e}}
l.678 ...e(it)} \Comment{$\Ode{\longitud{N_{e}}}$}
                                                  
The control sequence at the end of the top line
of your error message was never \def'ed. If you have
misspelled it (e.g., `\hobx'), type `I' and the correct
spelling (e.g., `I\hbox'). Otherwise just continue,
and I'll forget about whatever was undefined.


LaTeX Warning: Reference `LastPage' on page 23 undefined on input line 689.

[23]
! Undefined control sequence.
<argument> \longitud 
                     {N_{h}}
l.723 ...e(it)} \Comment{$\Ode{\longitud{N_{h}}}$}
                                                  
The control sequence at the end of the top line
of your error message was never \def'ed. If you have
misspelled it (e.g., `\hobx'), type `I' and the correct
spelling (e.g., `I\hbox'). Otherwise just continue,
and I'll forget about whatever was undefined.


LaTeX Warning: Reference `LastPage' on page 24 undefined on input line 734.

[24]

LaTeX Warning: Reference `LastPage' on page 25 undefined on input line 763.

[25]
! Misplaced alignment tab character &.
l.769 ...ino.y$==$e.campus.alto) $\vee$(p.Y$==$0 &
                                                  & destino.y$==-$1) \Commen...
I can't figure out why you would want to use a tab mark
here. If you just want an ampersand, the remedy is
simple: Just type `I\&' now. But if some right brace
up above has ended a previous alignment prematurely,
you're probably due for more error messages, and you
might try typing `S' now just to see what is salvageable.

! Misplaced alignment tab character &.
l.769 ...no.y$==$e.campus.alto) $\vee$(p.Y$==$0 &&
                                                   destino.y$==-$1) \Comment...
I can't figure out why you would want to use a tab mark
here. If you just want an ampersand, the remedy is
simple: Just type `I\&' now. But if some right brace
up above has ended a previous alignment prematurely,
you're probably due for more error messages, and you
might try typing `S' now just to see what is salvageable.

)

LaTeX Warning: Reference `LastPage' on page 26 undefined on input line 47.

[26]

LaTeX Warning: Reference `LastPage' on page 27 undefined on input line 47.

[27] (ModuloDiccString.tex

LaTeX Font Warning: Font shape `OT1/cmr/bx/sc' undefined
(Font)              using `OT1/cmr/bx/n' instead on input line 16.

LaTeX Font Info:    Font shape `OMS/cmr/bx/n' in size <10> not available
(Font)              Font shape `OMS/cmsy/b/n' tried instead on input line 16.

LaTeX Warning: Reference `LastPage' on page 28 undefined on input line 34.

[28


]
! Missing $ inserted.
<inserted text> 
                $
l.36 ...ave.}{Elimina la clave k del diccionario.}
                                                  
I've inserted a begin-math/end-math symbol since I think
you left one out. Proceed, with fingers crossed.

! Missing $ inserted.
<inserted text> 
                $
l.36 ...ave.}{Elimina la clave k del diccionario.}
                                                  
I've inserted a begin-math/end-math symbol since I think
you left one out. Proceed, with fingers crossed.

! Missing $ inserted.
<inserted text> 
                $
l.36 ...ave.}{Elimina la clave k del diccionario.}
                                                  
I've inserted a begin-math/end-math symbol since I think
you left one out. Proceed, with fingers crossed.

! Missing $ inserted.
<inserted text> 
                $
l.36 ...ave.}{Elimina la clave k del diccionario.}
                                                  
I've inserted a begin-math/end-math symbol since I think
you left one out. Proceed, with fingers crossed.

! Missing $ inserted.
<inserted text> 
                $
l.50 ...nza a la posicion siguiente del iterador.}
                                                  
I've inserted a begin-math/end-math symbol since I think
you left one out. Proceed, with fingers crossed.

! Missing $ inserted.
<inserted text> 
                $
l.50 ...nza a la posicion siguiente del iterador.}
                                                  
I've inserted a begin-math/end-math symbol since I think
you left one out. Proceed, with fingers crossed.


LaTeX Warning: Reference `LastPage' on page 29 undefined on input line 60.

[29]
! Missing $ inserted.
<inserted text> 
                $
l.86 \\\hspace*{3.75em}}
                        
I've inserted a begin-math/end-math symbol since I think
you left one out. Proceed, with fingers crossed.

! Missing $ inserted.
<inserted text> 
                $
l.86 \\\hspace*{3.75em}}
                        
I've inserted a begin-math/end-math symbol since I think
you left one out. Proceed, with fingers crossed.

! Missing $ inserted.
<inserted text> 
                $
l.86 \\\hspace*{3.75em}}
                        
I've inserted a begin-math/end-math symbol since I think
you left one out. Proceed, with fingers crossed.

! Missing $ inserted.
<inserted text> 
                $
l.86 \\\hspace*{3.75em}}
                        
I've inserted a begin-math/end-math symbol since I think
you left one out. Proceed, with fingers crossed.

! Missing $ inserted.
<inserted text> 
                $
l.86 \\\hspace*{3.75em}}
                        
I've inserted a begin-math/end-math symbol since I think
you left one out. Proceed, with fingers crossed.

! Missing $ inserted.
<inserted text> 
                $
l.86 \\\hspace*{3.75em}}
                        
I've inserted a begin-math/end-math symbol since I think
you left one out. Proceed, with fingers crossed.

! Missing $ inserted.
<inserted text> 
                $
l.86 \\\hspace*{3.75em}}
                        
I've inserted a begin-math/end-math symbol since I think
you left one out. Proceed, with fingers crossed.

! Extra }, or forgotten $.
\disRep ...rgen }Rep({\emph {#2}}) $\equiv $ ({#3}
                                                  )\par 
l.86 \\\hspace*{3.75em}}
                        
I've deleted a group-closing symbol because it seems to be
spurious, as in `$x}$'. But perhaps the } is legitimate and
you forgot something else, as in `\hbox{$x}'. In such cases
the way to recover is to insert both the forgotten and the
deleted material, e.g., by typing `I$}'.

! Missing $ inserted.
<inserted text> 
                $
l.86 \\\hspace*{3.75em}}
                        
I've inserted a begin-math/end-math symbol since I think
you left one out. Proceed, with fingers crossed.


LaTeX Warning: Reference `LastPage' on page 30 undefined on input line 98.

[30]

! LaTeX Error: \mathcal allowed only in math mode.

See the LaTeX manual or LaTeX Companion for explanation.
Type  H <return>  for immediate help.
 ...                                              
                                                  
l.110 ... letras[i] $\gets$ NULL \Comment{\Ode{1}}
                                                  
You're in trouble here.  Try typing  <return>  to proceed.
If that doesn't work, type  X <return>  to quit.


! LaTeX Error: \mathcal allowed only in math mode.

See the LaTeX manual or LaTeX Companion for explanation.
Type  H <return>  for immediate help.
 ...                                              
                                                  
l.157 ... caracteres[ord(k[i])]) \Comment{\Ode{1}}
                                                  
You're in trouble here.  Try typing  <return>  to proceed.
If that doesn't work, type  X <return>  to quit.


! Package algorithmicx Error: Some blocks are not closed!!!.

See the algorithmicx package documentation for explanation.
Type  H <return>  for immediate help.
 ...                                              
                                                  
l.166 \end{algorithmic}
                       
(That was another \errmessage.)

! Missing \endcsname inserted.
<to be read again> 
                   \ALG@currentblock@0 
l.172 \Function
                {\textsc{iDefinido?}}{\paramIn{d}{estr}, \paramIn{k}{string}...
The control sequence marked <to be read again> should
not appear between \csname and \endcsname.

! Extra \endcsname.
\ALG@makebeginrepeat ...\ALG@thisblock \endcsname 
                                                  \relax \def \ALG@thisblock...
l.172 \Function
                {\textsc{iDefinido?}}{\paramIn{d}{estr}, \paramIn{k}{string}...
I'm ignoring this, since I wasn't doing a \csname.

! Missing number, treated as zero.
<to be read again> 
                   \ALG@currentblock@0 
l.187 \end{algorithmic}
                       
A number should have been here; I inserted `0'.
(If you can't figure out why I needed to see a number,
look up `weird error' in the index to The TeXbook.)

! Missing = inserted for \ifnum.
<to be read again> 
                   \ALG@currentblock@0 
l.187 \end{algorithmic}
                       
I was expecting to see `<', `=', or `>'. Didn't.

! Missing number, treated as zero.
<to be read again> 
                   \ALG@currentblock@0 
l.187 \end{algorithmic}
                       
A number should have been here; I inserted `0'.
(If you can't figure out why I needed to see a number,
look up `weird error' in the index to The TeXbook.)


LaTeX Warning: Reference `LastPage' on page 31 undefined on input line 189.

[31]

LaTeX Warning: Reference `LastPage' on page 32 undefined on input line 190.

[32])

LaTeX Warning: Reference `LastPage' on page 33 undefined on input line 48.

[33] (ModuloDiccProm.tex
! Missing $ inserted.
<inserted text> 
                $
l.25 ...l conjunto con las claves definidas en d.}
                                                  
I've inserted a begin-math/end-math symbol since I think
you left one out. Proceed, with fingers crossed.

! Extra }, or forgotten $.
<recently read> \egroup 
                        
l.25 ...l conjunto con las claves definidas en d.}
                                                  
I've deleted a group-closing symbol because it seems to be
spurious, as in `$x}$'. But perhaps the } is legitimate and
you forgot something else, as in `\hbox{$x}'. In such cases
the way to recover is to insert both the forgotten and the
deleted material, e.g., by typing `I$}'.

! Missing $ inserted.
<inserted text> 
                $
l.25 ...l conjunto con las claves definidas en d.}
                                                  
I've inserted a begin-math/end-math symbol since I think
you left one out. Proceed, with fingers crossed.


LaTeX Font Warning: Font shape `OT1/cmss/bx/it' undefined
(Font)              using `OT1/cmss/bx/n' instead on input line 25.

LaTeX Font Info:    Font shape `OMS/cmr/m/it' in size <10> not available
(Font)              Font shape `OMS/cmsy/m/n' tried instead on input line 25.

LaTeX Warning: Reference `LastPage' on page 34 undefined on input line 39.

[34


]
! Missing $ inserted.
<inserted text> 
                $
l.68 }
      
I've inserted a begin-math/end-math symbol since I think
you left one out. Proceed, with fingers crossed.

! Missing $ inserted.
<inserted text> 
                $
l.68 }
      
I've inserted a begin-math/end-math symbol since I think
you left one out. Proceed, with fingers crossed.

! Missing $ inserted.
<inserted text> 
                $
l.68 }
      
I've inserted a begin-math/end-math symbol since I think
you left one out. Proceed, with fingers crossed.

! Missing $ inserted.
<inserted text> 
                $
l.68 }
      
I've inserted a begin-math/end-math symbol since I think
you left one out. Proceed, with fingers crossed.


Overfull \hbox (14.99998pt too wide) in paragraph at lines 73--73
[]| \OT1/cmr/m/it/10 estaEn?(l,k)| $\OMS/cmsy/m/n/10 $| [] 
 []


LaTeX Warning: Reference `LastPage' on page 35 undefined on input line 87.

[35]
! Misplaced alignment tab character &.
l.122     \State res $\gets$ &
                              siguiente(it).significado
I can't figure out why you would want to use a tab mark
here. If you just want an ampersand, the remedy is
simple: Just type `I\&' now. But if some right brace
up above has ended a previous alignment prematurely,
you're probably due for more error messages, and you
might try typing `S' now just to see what is salvageable.


LaTeX Warning: Reference `LastPage' on page 36 undefined on input line 163.

[36])

LaTeX Warning: Reference `LastPage' on page 37 undefined on input line 49.

[37] (informe.aux (caratula.aux)
LaTeX Info: Redefining \. on input line 7.
LaTeX Info: Redefining \% on input line 7.
 (ModuloCampus.aux) (ModuloRastrillaje.aux)
(ModuloDiccString.aux) (ModuloDiccProm.aux))

LaTeX Font Warning: Some font shapes were not available, defaults substituted.


LaTeX Warning: There were undefined references.

 )
(\end occurred inside a group at level 4)

### simple group (level 4) entered at line 25 ({)
### simple group (level 3) entered at line 86 ({)
### semi simple group (level 2) entered at line 94 (\begingroup)
### semi simple group (level 1) entered at line 67 (\begingroup)
### bottom level 
Here is how much of TeX's memory you used:
 4975 strings out of 493673
 67261 string characters out of 3141577
 164626 words of memory out of 3000000
 8178 multiletter control sequences out of 15000+200000
 11627 words of font info for 44 fonts, out of 3000000 for 9000
 1025 hyphenation exceptions out of 8191
 34i,16n,43p,1576b,719s stack positions out of 5000i,500n,10000p,200000b,50000s
<C:/Program Files (x86)/MiKTeX 2.9/fonts/type1/public/amsfonts/
cm/cmbsy10.pfb><C:/Program Files (x86)/MiKTeX 2.9/fonts/type1/public/amsfonts/c
m/cmbx10.pfb><C:/Program Files (x86)/MiKTeX 2.9/fonts/type1/public/amsfonts/cm/
cmbx12.pfb><C:/Program Files (x86)/MiKTeX 2.9/fonts/type1/public/amsfonts/cm/cm
bxti10.pfb><C:/Program Files (x86)/MiKTeX 2.9/fonts/type1/public/amsfonts/cm/cm
csc10.pfb><C:/Program Files (x86)/MiKTeX 2.9/fonts/type1/public/amsfonts/cm/cme
x10.pfb><C:/Program Files (x86)/MiKTeX 2.9/fonts/type1/public/amsfonts/cm/cmmi1
0.pfb><C:/Program Files (x86)/MiKTeX 2.9/fonts/type1/public/amsfonts/cm/cmmi12.
pfb><C:/Program Files (x86)/MiKTeX 2.9/fonts/type1/public/amsfonts/cm/cmmi7.pfb
><C:/Program Files (x86)/MiKTeX 2.9/fonts/type1/public/amsfonts/cm/cmr10.pfb><C
:/Program Files (x86)/MiKTeX 2.9/fonts/type1/public/amsfonts/cm/cmr12.pfb><C:/P
rogram Files (x86)/MiKTeX 2.9/fonts/type1/public/amsfonts/cm/cmr5.pfb><C:/Progr
am Files (x86)/MiKTeX 2.9/fonts/type1/public/amsfonts/cm/cmr7.pfb><C:/Program F
iles (x86)/MiKTeX 2.9/fonts/type1/public/amsfonts/cm/cmr8.pfb><C:/Program Files
 (x86)/MiKTeX 2.9/fonts/type1/public/amsfonts/cm/cmss10.pfb><C:/Program Files (
x86)/MiKTeX 2.9/fonts/type1/public/amsfonts/cm/cmssbx10.pfb><C:/Program Files (
x86)/MiKTeX 2.9/fonts/type1/public/amsfonts/cm/cmsy10.pfb><C:/Program Files (x8
6)/MiKTeX 2.9/fonts/type1/public/amsfonts/cm/cmti10.pfb><C:/Program Files (x86)
/MiKTeX 2.9/fonts/type1/public/amsfonts/cm/cmtt10.pfb><C:/Program Files (x86)/M
iKTeX 2.9/fonts/type1/public/amsfonts/symbols/msam10.pfb><C:/Program Files (x86
)/MiKTeX 2.9/fonts/type1/public/amsfonts/symbols/msbm10.pfb>
Output written on informe.pdf (37 pages, 704031 bytes).
PDF statistics:
 209 PDF objects out of 1000 (max. 8388607)
 0 named destinations out of 1000 (max. 500000)
 11 words of extra memory for PDF output out of 10000 (max. 10000000)

